<?xml version="1.0" encoding="UTF-8"?>
<!-- Generated by org.testng.reporters.JUnitReportReporter -->
<testsuite hostname="Amals_HP_Envy" failures="0" tests="1" name="autm.cicd.tests.GoogleTest" time="0.719" errors="0" timestamp="2025-10-29T17:25:22 EDT" skipped="0">
  <testcase classname="autm.cicd.tests.GoogleTest" name="verifyGoogleSearch" time="0.719"/>
</testsuite> <!-- autm.cicd.tests.GoogleTest -->
