<?xml version="1.0" encoding="UTF-8"?>
<!-- Generated by org.testng.reporters.JUnitReportReporter -->
<testsuite hostname="Amals_HP_Envy" failures="0" tests="1" name="autm.cicd.tests.NopcomTest" time="0.834" errors="0" timestamp="2025-10-29T23:35:34 EDT" skipped="0">
  <testcase classname="autm.cicd.tests.NopcomTest" name="verifyGoogleSearch" time="0.834"/>
</testsuite> <!-- autm.cicd.tests.NopcomTest -->
